<?xml version="1.0" encoding="UTF-8"?>
<!-- Generated by org.testng.reporters.JUnitReportReporter -->
<testsuite hostname="macbook-pro-2.lan" failures="0" tests="10" name="com.OrangeHRM.qa.testcases.DashboardPageTest" time="91.361" errors="0" timestamp="2025-09-24T18:26:23 EDT" skipped="0">
  <testcase classname="com.OrangeHRM.qa.testcases.DashboardPageTest" name="verifyDashboardPageTitleTest" time="6.308"/>
  <testcase classname="com.OrangeHRM.qa.testcases.DashboardPageTest" name="verifyDashboardLabelTest" time="6.189"/>
  <testcase classname="com.OrangeHRM.qa.testcases.DashboardPageTest" name="verifyAllMenuLinks" time="10.132"/>
  <testcase classname="com.OrangeHRM.qa.testcases.DashboardPageTest" name="verifyTimeAtWorkWidgetTest" time="6.470"/>
  <testcase classname="com.OrangeHRM.qa.testcases.DashboardPageTest" name="verifyMyActionsWidgetTest" time="8.157"/>
  <testcase classname="com.OrangeHRM.qa.testcases.DashboardPageTest" name="verifyQuickLaunchWidgetTest" time="10.276"/>
  <testcase classname="com.OrangeHRM.qa.testcases.DashboardPageTest" name="verifyBuzzLatestPostsWidgetTest" time="5.174"/>
  <testcase classname="com.OrangeHRM.qa.testcases.DashboardPageTest" name="verifyEmployeesOnLeaveTodayWidgetTest" time="6.568"/>
  <testcase classname="com.OrangeHRM.qa.testcases.DashboardPageTest" name="verifyEmployeeDistributionWidgetTest" time="16.037"/>
  <testcase classname="com.OrangeHRM.qa.testcases.DashboardPageTest" name="verifyQuickLaunchPanelTest" time="16.050"/>
</testsuite> <!-- com.OrangeHRM.qa.testcases.DashboardPageTest -->
