<?xml version="1.0" encoding="UTF-8"?>
<!-- Generated by org.testng.reporters.JUnitReportReporter -->
<testsuite hostname="macbook-pro-2.lan" failures="0" tests="4" name="com.OrangeHRM.qa.testcases.AdminPageTest" time="24.618" errors="0" timestamp="2025-09-24T20:01:27 EDT" skipped="0">
  <testcase classname="com.OrangeHRM.qa.testcases.AdminPageTest" name="verifyAdminPageTitleTest" time="4.991"/>
  <testcase classname="com.OrangeHRM.qa.testcases.AdminPageTest" name="verifyAdminPageLabelTest" time="7.144"/>
  <testcase classname="com.OrangeHRM.qa.testcases.AdminPageTest" name="verifyUserManagementMenuTest" time="4.714"/>
  <testcase classname="com.OrangeHRM.qa.testcases.AdminPageTest" name="verifyJobMenuTest" time="7.769"/>
</testsuite> <!-- com.OrangeHRM.qa.testcases.AdminPageTest -->
