<?xml version="1.0" encoding="UTF-8"?>
<!-- Generated by org.testng.reporters.JUnitReportReporter -->
<testsuite hostname="macbook-pro-2.lan" failures="0" tests="1" name="com.OrangeHRM.qa.testcases.LoginPageTest" time="8.002" errors="0" timestamp="2025-09-24T18:18:22 EDT" skipped="0">
  <testcase classname="com.OrangeHRM.qa.testcases.LoginPageTest" name="loginPageTitleTest" time="8.002"/>
</testsuite> <!-- com.OrangeHRM.qa.testcases.LoginPageTest -->
