<?xml version="1.0" encoding="UTF-8"?>
<!-- Generated by org.testng.reporters.JUnitReportReporter -->
<testsuite hostname="macbook-pro-2.lan" failures="0" tests="4" name="com.OrangeHRM.qa.testcases.AdminPageTest" time="25.002" errors="0" timestamp="2025-10-01T12:56:29 EDT" skipped="0">
  <testcase classname="com.OrangeHRM.qa.testcases.AdminPageTest" name="verifyAdminPageTitleTest" time="5.224"/>
  <testcase classname="com.OrangeHRM.qa.testcases.AdminPageTest" name="verifyAdminPageLabelTest" time="5.662"/>
  <testcase classname="com.OrangeHRM.qa.testcases.AdminPageTest" name="verifyUserManagementMenuTest" time="5.822"/>
  <testcase classname="com.OrangeHRM.qa.testcases.AdminPageTest" name="verifyJobMenuTest" time="8.294"/>
</testsuite> <!-- com.OrangeHRM.qa.testcases.AdminPageTest -->
