<?xml version="1.0" encoding="UTF-8"?>
<!-- Generated by org.testng.reporters.JUnitReportReporter -->
<testsuite hostname="macbook-pro-2.lan" failures="0" tests="3" name="com.OrangeHRM.qa.testcases.PIMPageTest" time="17.574" errors="0" timestamp="2025-10-01T12:56:29 EDT" skipped="0">
  <testcase classname="com.OrangeHRM.qa.testcases.PIMPageTest" name="verifyPIMPageTitleTest" time="3.949"/>
  <testcase classname="com.OrangeHRM.qa.testcases.PIMPageTest" name="verifyPIMLabelTest" time="6.096"/>
  <testcase classname="com.OrangeHRM.qa.testcases.PIMPageTest" name="verifyConfigurationDropdownLinksTest" time="7.529"/>
</testsuite> <!-- com.OrangeHRM.qa.testcases.PIMPageTest -->
