<?xml version="1.0" encoding="UTF-8"?>
<!-- Generated by org.testng.reporters.JUnitReportReporter -->
<testsuite hostname="macbook-pro-2.lan" failures="0" tests="10" name="com.OrangeHRM.qa.testcases.DashboardPageTest" time="47.189" errors="0" timestamp="2025-10-01T12:56:29 EDT" skipped="0">
  <testcase classname="com.OrangeHRM.qa.testcases.DashboardPageTest" name="verifyDashboardPageTitleTest" time="4.402"/>
  <testcase classname="com.OrangeHRM.qa.testcases.DashboardPageTest" name="verifyDashboardLabelTest" time="3.995"/>
  <testcase classname="com.OrangeHRM.qa.testcases.DashboardPageTest" name="verifyAllMenuLinks" time="4.927"/>
  <testcase classname="com.OrangeHRM.qa.testcases.DashboardPageTest" name="verifyTimeAtWorkWidgetTest" time="4.720"/>
  <testcase classname="com.OrangeHRM.qa.testcases.DashboardPageTest" name="verifyMyActionsWidgetTest" time="4.809"/>
  <testcase classname="com.OrangeHRM.qa.testcases.DashboardPageTest" name="verifyQuickLaunchWidgetTest" time="4.920"/>
  <testcase classname="com.OrangeHRM.qa.testcases.DashboardPageTest" name="verifyBuzzLatestPostsWidgetTest" time="4.795"/>
  <testcase classname="com.OrangeHRM.qa.testcases.DashboardPageTest" name="verifyEmployeesOnLeaveTodayWidgetTest" time="5.413"/>
  <testcase classname="com.OrangeHRM.qa.testcases.DashboardPageTest" name="verifyEmployeeDistributionWidgetTest" time="4.568"/>
  <testcase classname="com.OrangeHRM.qa.testcases.DashboardPageTest" name="verifyQuickLaunchPanelTest" time="4.640"/>
</testsuite> <!-- com.OrangeHRM.qa.testcases.DashboardPageTest -->
